<?xml version="1.0" encoding="UTF-8"?>
<!-- Generated by org.testng.reporters.JUnitXMLReporter -->
<testsuite hostname="DESKTOP-7M67OUT" ignored="0" name="Default test" tests="2" failures="0" timestamp="2021-10-10T18:40:56 EET" time="3.222" errors="0">
  <testcase name="StartSearchingOnNagwaLessons" time="1.717" classname="tests.UserCanLesson"/>
  <testcase name="UserCanEnterLesson" time="0.0" classname="tests.UserCanLesson">
    <skipped/>
  </testcase> <!-- UserCanEnterLesson -->
</testsuite> <!-- Default test -->
