<?xml version="1.0" encoding="UTF-8"?>
<testng-results skipped="1" failed="0" ignored="0" total="2" passed="1">
  <reporter-output>
  </reporter-output>
  <suite name="Default suite" duration-ms="3222" started-at="2021-10-10T18:40:53 EET" finished-at="2021-10-10T18:40:56 EET">
    <groups>
      <group name="cucumber">
        <method signature="AbstractTestNGCucumberTests.feature(cucumber.api.testng.CucumberFeatureWrapper)[pri:0, instance:tests.UserCanLesson@467aecef]" name="feature" class="cucumber.api.testng.AbstractTestNGCucumberTests"/>
      </group> <!-- cucumber -->
    </groups>
    <test name="Default test" duration-ms="3222" started-at="2021-10-10T18:40:53 EET" finished-at="2021-10-10T18:40:56 EET">
      <class name="tests.UserCanLesson">
        <test-method status="PASS" signature="startDriver(java.lang.String)[pri:0, instance:tests.UserCanLesson@467aecef]" name="startDriver" is-config="true" duration-ms="6636" started-at="2021-10-10T18:40:46 EET" finished-at="2021-10-10T18:40:53 EET">
          <params>
            <param index="0">
              <value>
                <![CDATA[chrome]]>
              </value>
            </param>
          </params>
          <reporter-output>
          </reporter-output>
        </test-method> <!-- startDriver -->
        <test-method status="PASS" signature="setUpClass()[pri:0, instance:tests.UserCanLesson@467aecef]" name="setUpClass" is-config="true" duration-ms="266" started-at="2021-10-10T18:40:53 EET" finished-at="2021-10-10T18:40:53 EET">
          <reporter-output>
          </reporter-output>
        </test-method> <!-- setUpClass -->
        <test-method status="PASS" signature="StartSearchingOnNagwaLessons()[pri:0, instance:tests.UserCanLesson@467aecef]" name="StartSearchingOnNagwaLessons" duration-ms="1717" started-at="2021-10-10T18:40:53 EET" finished-at="2021-10-10T18:40:55 EET">
          <reporter-output>
          </reporter-output>
        </test-method> <!-- StartSearchingOnNagwaLessons -->
        <test-method status="PASS" signature="screenshotOnFailure(org.testng.ITestResult)[pri:0, instance:tests.UserCanLesson@467aecef]" name="screenshotOnFailure" is-config="true" duration-ms="0" started-at="2021-10-10T18:40:55 EET" finished-at="2021-10-10T18:40:55 EET">
          <params>
            <param index="0">
              <value>
                <![CDATA[[TestResult name=StartSearchingOnNagwaLessons status=SUCCESS method=UserCanLesson.StartSearchingOnNagwaLessons()[pri:0, instance:tests.UserCanLesson@467aecef] output={null}]]]>
              </value>
            </param>
          </params>
          <reporter-output>
          </reporter-output>
        </test-method> <!-- screenshotOnFailure -->
        <test-method status="SKIP" signature="UserCanEnterLesson(java.lang.String)[pri:0, instance:tests.UserCanLesson@467aecef]" name="UserCanEnterLesson" duration-ms="0" started-at="2021-10-10T18:40:56 EET" data-provider="ExcelData" depends-on-methods="tests.UserCanLesson.StartSearchingOnNagwaLessons" finished-at="2021-10-10T18:40:56 EET">
          <exception class="java.lang.RuntimeException">
            <message>
              <![CDATA[java.lang.NullPointerException]]>
            </message>
            <full-stacktrace>
              <![CDATA[java.lang.RuntimeException: java.lang.NullPointerException
at org.testng.internal.MethodInvocationHelper.invokeMethodNoCheckedException(MethodInvocationHelper.java:49)
at org.testng.internal.MethodInvocationHelper.invokeDataProvider(MethodInvocationHelper.java:145)
at org.testng.internal.Parameters.handleParameters(Parameters.java:797)
at org.testng.internal.Parameters.handleParameters(Parameters.java:740)
at org.testng.internal.ParameterHandler.handleParameters(ParameterHandler.java:59)
at org.testng.internal.ParameterHandler.createParameters(ParameterHandler.java:38)
at org.testng.internal.TestInvoker$MethodInvocationAgent.invoke(TestInvoker.java:789)
at org.testng.internal.TestInvoker.invokeTestMethods(TestInvoker.java:147)
at org.testng.internal.TestMethodWorker.invokeTestMethods(TestMethodWorker.java:146)
at org.testng.internal.TestMethodWorker.run(TestMethodWorker.java:128)
at java.util.ArrayList.forEach(ArrayList.java:1257)
at org.testng.TestRunner.privateRun(TestRunner.java:764)
at org.testng.TestRunner.run(TestRunner.java:585)
at org.testng.SuiteRunner.runTest(SuiteRunner.java:384)
at org.testng.SuiteRunner.runSequentially(SuiteRunner.java:378)
at org.testng.SuiteRunner.privateRun(SuiteRunner.java:337)
at org.testng.SuiteRunner.run(SuiteRunner.java:286)
at org.testng.SuiteRunnerWorker.runSuite(SuiteRunnerWorker.java:53)
at org.testng.SuiteRunnerWorker.run(SuiteRunnerWorker.java:96)
at org.testng.TestNG.runSuitesSequentially(TestNG.java:1218)
at org.testng.TestNG.runSuitesLocally(TestNG.java:1140)
at org.testng.TestNG.runSuites(TestNG.java:1069)
at org.testng.TestNG.run(TestNG.java:1037)
at org.testng.remote.AbstractRemoteTestNG.run(AbstractRemoteTestNG.java:115)
at org.testng.remote.RemoteTestNG.initAndRun(RemoteTestNG.java:251)
at org.testng.remote.RemoteTestNG.main(RemoteTestNG.java:77)
Caused by: java.lang.NullPointerException
at data.ExcelReader.getExcelData(ExcelReader.java:46)
at tests.UserCanLesson.userRegisterData(UserCanLesson.java:42)
at sun.reflect.NativeMethodAccessorImpl.invoke0(Native Method)
at sun.reflect.NativeMethodAccessorImpl.invoke(NativeMethodAccessorImpl.java:62)
at sun.reflect.DelegatingMethodAccessorImpl.invoke(DelegatingMethodAccessorImpl.java:43)
at java.lang.reflect.Method.invoke(Method.java:498)
at org.testng.internal.MethodInvocationHelper.invokeMethod(MethodInvocationHelper.java:132)
at org.testng.internal.MethodInvocationHelper.invokeMethod(MethodInvocationHelper.java:76)
at org.testng.internal.MethodInvocationHelper.invokeMethodNoCheckedException(MethodInvocationHelper.java:45)
... 25 more
]]>
            </full-stacktrace>
          </exception> <!-- java.lang.RuntimeException -->
          <reporter-output>
          </reporter-output>
        </test-method> <!-- UserCanEnterLesson -->
        <test-method status="PASS" signature="tearDownClass()[pri:0, instance:tests.UserCanLesson@467aecef]" name="tearDownClass" is-config="true" duration-ms="14" started-at="2021-10-10T18:40:56 EET" finished-at="2021-10-10T18:40:56 EET">
          <reporter-output>
          </reporter-output>
        </test-method> <!-- tearDownClass -->
        <test-method status="PASS" signature="stopDriver()[pri:0, instance:tests.UserCanLesson@467aecef]" name="stopDriver" is-config="true" duration-ms="0" started-at="2021-10-10T18:40:56 EET" finished-at="2021-10-10T18:40:56 EET">
          <reporter-output>
          </reporter-output>
        </test-method> <!-- stopDriver -->
      </class> <!-- tests.UserCanLesson -->
    </test> <!-- Default test -->
  </suite> <!-- Default suite -->
</testng-results>
